This is pdfTeX, Version 3.14159265-2.6-1.40.17 (TeX Live 2016) (preloaded format=pdflatex 2017.5.10)  26 FEB 2021 00:37
entering extended mode
 restricted \write18 enabled.
 file:line:error style messages enabled.
 %&-line parsing enabled.
**ThesisManuscript_SJ.tex
(./ThesisManuscript_SJ.tex
LaTeX2e <2016/03/31>
Babel <3.9r> and hyphenation patterns for 83 language(s) loaded.
(/usr/local/texlive/2016/texmf-dist/tex/latex/base/book.cls
Document Class: book 2014/09/29 v1.4h Standard LaTeX document class
(/usr/local/texlive/2016/texmf-dist/tex/latex/base/bk12.clo
File: bk12.clo 2014/09/29 v1.4h Standard LaTeX file (size option)
)
\c@part=\count79
\c@chapter=\count80
\c@section=\count81
\c@subsection=\count82
\c@subsubsection=\count83
\c@paragraph=\count84
\c@subparagraph=\count85
\c@figure=\count86
\c@table=\count87
\abovecaptionskip=\skip41
\belowcaptionskip=\skip42
\bibindent=\dimen102
)
(/usr/local/texlive/2016/texmf-dist/tex/latex/geometry/geometry.sty
Package: geometry 2010/09/12 v5.6 Page Geometry

(/usr/local/texlive/2016/texmf-dist/tex/latex/graphics/keyval.sty
Package: keyval 2014/10/28 v1.15 key=value parser (DPC)
\KV@toks@=\toks14
)
(/usr/local/texlive/2016/texmf-dist/tex/generic/oberdiek/ifpdf.sty
Package: ifpdf 2016/05/14 v3.1 Provides the ifpdf switch
)
(/usr/local/texlive/2016/texmf-dist/tex/generic/oberdiek/ifvtex.sty
Package: ifvtex 2016/05/16 v1.6 Detect VTeX and its facilities (HO)
Package ifvtex Info: VTeX not detected.
)
(/usr/local/texlive/2016/texmf-dist/tex/generic/ifxetex/ifxetex.sty
Package: ifxetex 2010/09/12 v0.6 Provides ifxetex conditional
)
\Gm@cnth=\count88
\Gm@cntv=\count89
\c@Gm@tempcnt=\count90
\Gm@bindingoffset=\dimen103
\Gm@wd@mp=\dimen104
\Gm@odd@mp=\dimen105
\Gm@even@mp=\dimen106
\Gm@layoutwidth=\dimen107
\Gm@layoutheight=\dimen108
\Gm@layouthoffset=\dimen109
\Gm@layoutvoffset=\dimen110
\Gm@dimlist=\toks15
)
(./PackagesAndCommands.tex
(/usr/local/texlive/2016/texmf-dist/tex/latex/base/inputenc.sty
Package: inputenc 2015/03/17 v1.2c Input encoding file
\inpenc@prehook=\toks16
\inpenc@posthook=\toks17

(/usr/local/texlive/2016/texmf-dist/tex/latex/base/latin9.def
File: latin9.def 2015/03/17 v1.2c Input encoding file
))
(/usr/local/texlive/2016/texmf-dist/tex/latex/base/fontenc.sty
Package: fontenc 2005/09/27 v1.99g Standard LaTeX package

(/usr/local/texlive/2016/texmf-dist/tex/latex/base/t1enc.def
File: t1enc.def 2005/09/27 v1.99g Standard LaTeX file
LaTeX Font Info:    Redeclaring font encoding T1 on input line 48.
))
(/usr/local/texlive/2016/texmf-dist/tex/generic/babel/babel.sty
Package: babel 2016/04/23 3.9r The Babel package

(/usr/local/texlive/2016/texmf-dist/tex/generic/babel-french/frenchb.ldf
Language: frenchb 2016/05/14 v3.2c French support from the babel system

(/usr/local/texlive/2016/texmf-dist/tex/generic/babel/babel.def
File: babel.def 2016/04/23 3.9r Babel common definitions
\babel@savecnt=\count91
\U@D=\dimen111
)
\l@acadian = a dialect from \language\l@french 
\l@canadien = a dialect from \language\l@french 
\FB@nonchar=\count92
\FBcolonskip=\skip43
\FBthinskip=\skip44
Package babel Info: Making : an active character on input line 365.
Package babel Info: Making ; an active character on input line 366.
Package babel Info: Making ! an active character on input line 367.
Package babel Info: Making ? an active character on input line 368.
\FBguillskip=\skip45
\FBguill@level=\count93
\FB@everypar=\toks18
\FB@Mht=\dimen112
\std@mcc=\count94
\dec@mcc=\count95
\listindentFB=\skip46
\labelwidthFB=\skip47
\leftmarginFB=\skip48
\parindentFFN=\dimen113
\FBfnindent=\skip49
)
(/usr/local/texlive/2016/texmf-dist/tex/generic/babel-english/english.ldf
Language: english 2012/08/20 v3.3p English support from the babel system
\l@canadian = a dialect from \language\l@american 
\l@australian = a dialect from \language\l@british 
\l@newzealand = a dialect from \language\l@british 
))
(/usr/local/texlive/2016/texmf-dist/tex/latex/carlisle/scalefnt.sty)
(/usr/local/texlive/2016/texmf-dist/tex/latex/amsmath/amsmath.sty
Package: amsmath 2016/03/10 v2.15b AMS math features
\@mathmargin=\skip50

For additional information on amsmath, use the `?' option.
(/usr/local/texlive/2016/texmf-dist/tex/latex/amsmath/amstext.sty
Package: amstext 2000/06/29 v2.01 AMS text

(/usr/local/texlive/2016/texmf-dist/tex/latex/amsmath/amsgen.sty
File: amsgen.sty 1999/11/30 v2.0 generic functions
\@emptytoks=\toks19
\ex@=\dimen114
))
(/usr/local/texlive/2016/texmf-dist/tex/latex/amsmath/amsbsy.sty
Package: amsbsy 1999/11/29 v1.2d Bold Symbols
\pmbraise@=\dimen115
)
(/usr/local/texlive/2016/texmf-dist/tex/latex/amsmath/amsopn.sty
Package: amsopn 2016/03/08 v2.02 operator names
)
\inf@bad=\count96
LaTeX Info: Redefining \frac on input line 199.
\uproot@=\count97
\leftroot@=\count98
LaTeX Info: Redefining \overline on input line 297.
\classnum@=\count99
\DOTSCASE@=\count100
LaTeX Info: Redefining \ldots on input line 394.
LaTeX Info: Redefining \dots on input line 397.
LaTeX Info: Redefining \cdots on input line 518.
\Mathstrutbox@=\box26
\strutbox@=\box27
\big@size=\dimen116
LaTeX Font Info:    Redeclaring font encoding OML on input line 634.
LaTeX Font Info:    Redeclaring font encoding OMS on input line 635.
\macc@depth=\count101
\c@MaxMatrixCols=\count102
\dotsspace@=\muskip10
\c@parentequation=\count103
\dspbrk@lvl=\count104
\tag@help=\toks20
\row@=\count105
\column@=\count106
\maxfields@=\count107
\andhelp@=\toks21
\eqnshift@=\dimen117
\alignsep@=\dimen118
\tagshift@=\dimen119
\tagwidth@=\dimen120
\totwidth@=\dimen121
\lineht@=\dimen122
\@envbody=\toks22
\multlinegap=\skip51
\multlinetaggap=\skip52
\mathdisplay@stack=\toks23
LaTeX Info: Redefining \[ on input line 2739.
LaTeX Info: Redefining \] on input line 2740.
)
(/usr/local/texlive/2016/texmf-dist/tex/latex/amsfonts/amssymb.sty
Package: amssymb 2013/01/14 v3.01 AMS font symbols

(/usr/local/texlive/2016/texmf-dist/tex/latex/amsfonts/amsfonts.sty
Package: amsfonts 2013/01/14 v3.01 Basic AMSFonts support
\symAMSa=\mathgroup4
\symAMSb=\mathgroup5
LaTeX Font Info:    Overwriting math alphabet `\mathfrak' in version `bold'
(Font)                  U/euf/m/n --> U/euf/b/n on input line 106.
))
(/usr/local/texlive/2016/texmf-dist/tex/latex/amscls/amsthm.sty
Package: amsthm 2015/03/04 v2.20.2
\thm@style=\toks24
\thm@bodyfont=\toks25
\thm@headfont=\toks26
\thm@notefont=\toks27
\thm@headpunct=\toks28
\thm@preskip=\skip53
\thm@postskip=\skip54
\thm@headsep=\skip55
\dth@everypar=\toks29
)
(/usr/local/texlive/2016/texmf-dist/tex/latex/xcolor/xcolor.sty
Package: xcolor 2016/05/11 v2.12 LaTeX color extensions (UK)

(/usr/local/texlive/2016/texmf-dist/tex/latex/graphics-cfg/color.cfg
File: color.cfg 2016/01/02 v1.6 sample color configuration
)
Package xcolor Info: Package option `usenames' ignored on input line 216.
Package xcolor Info: Driver file: pdftex.def on input line 225.

(/usr/local/texlive/2016/texmf-dist/tex/latex/pdftex-def/pdftex.def
File: pdftex.def 2011/05/27 v0.06d Graphics/color for pdfTeX

(/usr/local/texlive/2016/texmf-dist/tex/generic/oberdiek/infwarerr.sty
Package: infwarerr 2016/05/16 v1.4 Providing info/warning/error messages (HO)
)
(/usr/local/texlive/2016/texmf-dist/tex/generic/oberdiek/ltxcmds.sty
Package: ltxcmds 2016/05/16 v1.23 LaTeX kernel commands for general use (HO)
)
\Gread@gobject=\count108
)
(/usr/local/texlive/2016/texmf-dist/tex/latex/colortbl/colortbl.sty
Package: colortbl 2012/02/13 v1.0a Color table columns (DPC)

(/usr/local/texlive/2016/texmf-dist/tex/latex/tools/array.sty
Package: array 2014/10/28 v2.4c Tabular extension package (FMi)
\col@sep=\dimen123
\extrarowheight=\dimen124
\NC@list=\toks30
\extratabsurround=\skip56
\backup@length=\skip57
)
\everycr=\toks31
\minrowclearance=\skip58
)
\rownum=\count109
Package xcolor Info: Model `cmy' substituted by `cmy0' on input line 1348.
Package xcolor Info: Model `hsb' substituted by `rgb' on input line 1352.
Package xcolor Info: Model `RGB' extended on input line 1364.
Package xcolor Info: Model `HTML' substituted by `rgb' on input line 1366.
Package xcolor Info: Model `Hsb' substituted by `hsb' on input line 1367.
Package xcolor Info: Model `tHsb' substituted by `hsb' on input line 1368.
Package xcolor Info: Model `HSB' substituted by `hsb' on input line 1369.
Package xcolor Info: Model `Gray' substituted by `gray' on input line 1370.
Package xcolor Info: Model `wave' substituted by `hsb' on input line 1371.

(/usr/local/texlive/2016/texmf-dist/tex/latex/graphics/dvipsnam.def
File: dvipsnam.def 2015/12/30 v3.0k Driver-dependent file (DPC,SPQR)
))
(/usr/local/texlive/2016/texmf-dist/tex/latex/hyperref/hyperref.sty
Package: hyperref 2016/05/05 v6.83n Hypertext links for LaTeX

(/usr/local/texlive/2016/texmf-dist/tex/generic/oberdiek/hobsub-hyperref.sty
Package: hobsub-hyperref 2016/05/16 v1.14 Bundle oberdiek, subset hyperref (HO)


(/usr/local/texlive/2016/texmf-dist/tex/generic/oberdiek/hobsub-generic.sty
Package: hobsub-generic 2016/05/16 v1.14 Bundle oberdiek, subset generic (HO)
Package: hobsub 2016/05/16 v1.14 Construct package bundles (HO)
Package hobsub Info: Skipping package `infwarerr' (already loaded).
Package hobsub Info: Skipping package `ltxcmds' (already loaded).
Package: ifluatex 2016/05/16 v1.4 Provides the ifluatex switch (HO)
Package ifluatex Info: LuaTeX not detected.
Package hobsub Info: Skipping package `ifvtex' (already loaded).
Package: intcalc 2016/05/16 v1.2 Expandable calculations with integers (HO)
Package hobsub Info: Skipping package `ifpdf' (already loaded).
Package: etexcmds 2016/05/16 v1.6 Avoid name clashes with e-TeX commands (HO)
Package etexcmds Info: Could not find \expanded.
(etexcmds)             That can mean that you are not using pdfTeX 1.50 or
(etexcmds)             that some package has redefined \expanded.
(etexcmds)             In the latter case, load this package earlier.
Package: kvsetkeys 2016/05/16 v1.17 Key value parser (HO)
Package: kvdefinekeys 2016/05/16 v1.4 Define keys (HO)
Package: pdftexcmds 2016/05/10 v0.21 Utility functions of pdfTeX for LuaTeX (HO
)
Package pdftexcmds Info: LuaTeX not detected.
Package pdftexcmds Info: \pdf@primitive is available.
Package pdftexcmds Info: \pdf@ifprimitive is available.
Package pdftexcmds Info: \pdfdraftmode found.
Package: pdfescape 2016/05/16 v1.14 Implements pdfTeX's escape features (HO)
Package: bigintcalc 2016/05/16 v1.4 Expandable calculations on big integers (HO
)
Package: bitset 2016/05/16 v1.2 Handle bit-vector datatype (HO)
Package: uniquecounter 2016/05/16 v1.3 Provide unlimited unique counter (HO)
)
Package hobsub Info: Skipping package `hobsub' (already loaded).
Package: letltxmacro 2016/05/16 v1.5 Let assignment for LaTeX macros (HO)
Package: hopatch 2016/05/16 v1.3 Wrapper for package hooks (HO)
Package: xcolor-patch 2016/05/16 xcolor patch
Package: atveryend 2016/05/16 v1.9 Hooks at the very end of document (HO)
Package atveryend Info: \enddocument detected (standard20110627).
Package: atbegshi 2016/05/16 v1.17 At begin shipout hook (HO)
Package: refcount 2016/05/16 v3.5 Data extraction from label references (HO)
Package: hycolor 2016/05/16 v1.8 Color options for hyperref/bookmark (HO)
)
(/usr/local/texlive/2016/texmf-dist/tex/latex/oberdiek/auxhook.sty
Package: auxhook 2016/05/16 v1.4 Hooks for auxiliary files (HO)
)
(/usr/local/texlive/2016/texmf-dist/tex/latex/oberdiek/kvoptions.sty
Package: kvoptions 2016/05/16 v3.12 Key value format for package options (HO)
)
\@linkdim=\dimen125
\Hy@linkcounter=\count110
\Hy@pagecounter=\count111

(/usr/local/texlive/2016/texmf-dist/tex/latex/hyperref/pd1enc.def
File: pd1enc.def 2016/05/05 v6.83n Hyperref: PDFDocEncoding definition (HO)
)
\Hy@SavedSpaceFactor=\count112

(/usr/local/texlive/2016/texmf-dist/tex/latex/latexconfig/hyperref.cfg
File: hyperref.cfg 2002/06/06 v1.2 hyperref configuration of TeXLive
)
Package hyperref Info: Option `colorlinks' set `true' on input line 4322.
Package hyperref Info: Hyper figures OFF on input line 4446.
Package hyperref Info: Link nesting OFF on input line 4451.
Package hyperref Info: Hyper index ON on input line 4454.
Package hyperref Info: Plain pages OFF on input line 4461.
Package hyperref Info: Backreferencing OFF on input line 4466.
Package hyperref Info: Implicit mode ON; LaTeX internals redefined.
Package hyperref Info: Bookmarks ON on input line 4691.
\c@Hy@tempcnt=\count113

(/usr/local/texlive/2016/texmf-dist/tex/latex/url/url.sty
\Urlmuskip=\muskip11
Package: url 2013/09/16  ver 3.4  Verb mode for urls, etc.
)
LaTeX Info: Redefining \url on input line 5044.
\XeTeXLinkMargin=\dimen126
\Fld@menulength=\count114
\Field@Width=\dimen127
\Fld@charsize=\dimen128
Package hyperref Info: Hyper figures OFF on input line 6298.
Package hyperref Info: Link nesting OFF on input line 6303.
Package hyperref Info: Hyper index ON on input line 6306.
Package hyperref Info: backreferencing OFF on input line 6313.
Package hyperref Info: Link coloring ON on input line 6316.
Package hyperref Info: Link coloring with OCG OFF on input line 6323.
Package hyperref Info: PDF/A mode OFF on input line 6328.
LaTeX Info: Redefining \ref on input line 6368.
LaTeX Info: Redefining \pageref on input line 6372.
\Hy@abspage=\count115
\c@Item=\count116
\c@Hfootnote=\count117
)

Package hyperref Message: Driver (autodetected): hpdftex.

(/usr/local/texlive/2016/texmf-dist/tex/latex/hyperref/hpdftex.def
File: hpdftex.def 2016/05/05 v6.83n Hyperref driver for pdfTeX
\Fld@listcount=\count118
\c@bookmark@seq@number=\count119

(/usr/local/texlive/2016/texmf-dist/tex/latex/oberdiek/rerunfilecheck.sty
Package: rerunfilecheck 2016/05/16 v1.8 Rerun checks for auxiliary files (HO)
Package uniquecounter Info: New unique counter `rerunfilecheck' on input line 2
82.
)
\Hy@SectionHShift=\skip59
)
(/usr/local/texlive/2016/texmf-dist/tex/latex/jknapltx/mathrsfs.sty
Package: mathrsfs 1996/01/01 Math RSFS package v1.0 (jk)
\symrsfs=\mathgroup6
)
(/usr/local/texlive/2016/texmf-dist/tex/latex/units/nicefrac.sty
Package: nicefrac 1998/08/04 v0.9b Nice fractions
\L@UnitsRaiseDisplaystyle=\skip60
\L@UnitsRaiseTextstyle=\skip61
\L@UnitsRaiseScriptstyle=\skip62

(/usr/local/texlive/2016/texmf-dist/tex/latex/base/ifthen.sty
Package: ifthen 2014/09/29 v1.1c Standard LaTeX ifthen package (DPC)
))
(/usr/local/texlive/2016/texmf-dist/tex/latex/setspace/setspace.sty
Package: setspace 2011/12/19 v6.7a set line spacing
)
(/usr/local/texlive/2016/texmf-dist/tex/latex/mdwtools/footnote.sty
Package: footnote 1997/01/28 1.13 Save footnotes around boxes
\fn@notes=\box28
\fn@width=\dimen129
)
(/usr/local/texlive/2016/texmf-dist/tex/latex/caption/caption.sty
Package: caption 2016/02/21 v3.3-144 Customizing captions (AR)

(/usr/local/texlive/2016/texmf-dist/tex/latex/caption/caption3.sty
Package: caption3 2016/02/04 v1.7-139 caption3 kernel (AR)
Package caption3 Info: TeX engine: e-TeX on input line 67.
\captionmargin=\dimen130
\captionmargin@=\dimen131
\captionwidth=\dimen132
\caption@tempdima=\dimen133
\caption@indent=\dimen134
\caption@parindent=\dimen135
\caption@hangindent=\dimen136
)
\c@ContinuedFloat=\count120
Package caption Info: hyperref package is loaded.
)
(/usr/local/texlive/2016/texmf-dist/tex/latex/lineno/lineno.sty
Package: lineno 2005/11/02 line numbers on paragraphs v4.41
\linenopenalty=\count121
\output=\toks32
\linenoprevgraf=\count122
\linenumbersep=\dimen137
\linenumberwidth=\dimen138
\c@linenumber=\count123
\c@pagewiselinenumber=\count124
\c@LN@truepage=\count125
\c@internallinenumber=\count126
\c@internallinenumbers=\count127
\quotelinenumbersep=\dimen139
\bframerule=\dimen140
\bframesep=\dimen141
\bframebox=\box29
LaTeX Info: Redefining \\ on input line 3056.
)
(/usr/local/texlive/2016/texmf-dist/tex/latex/natbib/natbib.sty
Package: natbib 2010/09/13 8.31b (PWD, AO)
\bibhang=\skip63
\bibsep=\skip64
LaTeX Info: Redefining \cite on input line 694.
\c@NAT@ctr=\count128
)
(/usr/local/texlive/2016/texmf-dist/tex/latex/graphics/graphicx.sty
Package: graphicx 2014/10/28 v1.0g Enhanced LaTeX Graphics (DPC,SPQR)

(/usr/local/texlive/2016/texmf-dist/tex/latex/graphics/graphics.sty
Package: graphics 2016/05/09 v1.0r Standard LaTeX Graphics (DPC,SPQR)

(/usr/local/texlive/2016/texmf-dist/tex/latex/graphics/trig.sty
Package: trig 2016/01/03 v1.10 sin cos tan (DPC)
)
(/usr/local/texlive/2016/texmf-dist/tex/latex/graphics-cfg/graphics.cfg
File: graphics.cfg 2016/01/02 v1.10 sample graphics configuration
)
Package graphics Info: Driver file: pdftex.def on input line 96.
)
\Gin@req@height=\dimen142
\Gin@req@width=\dimen143
)
(/usr/local/texlive/2016/texmf-dist/tex/latex/float/float.sty
Package: float 2001/11/08 v1.3d Float enhancements (AL)
\c@float@type=\count129
\float@exts=\toks33
\float@box=\box30
\@float@everytoks=\toks34
\@floatcapt=\box31
)
(/usr/local/texlive/2016/texmf-dist/tex/latex/booktabs/booktabs.sty
Package: booktabs 2016/04/27 v1.618033 publication quality tables
\heavyrulewidth=\dimen144
\lightrulewidth=\dimen145
\cmidrulewidth=\dimen146
\belowrulesep=\dimen147
\belowbottomsep=\dimen148
\aboverulesep=\dimen149
\abovetopsep=\dimen150
\cmidrulesep=\dimen151
\cmidrulekern=\dimen152
\defaultaddspace=\dimen153
\@cmidla=\count130
\@cmidlb=\count131
\@aboverulesep=\dimen154
\@belowrulesep=\dimen155
\@thisruleclass=\count132
\@lastruleclass=\count133
\@thisrulewidth=\dimen156
)
(/usr/local/texlive/2016/texmf-dist/tex/latex/multirow/multirow.sty
\bigstrutjot=\dimen157
)
(/usr/local/texlive/2016/texmf-dist/tex/latex/pdfpages/pdfpages.sty
Package: pdfpages 2016/04/19 v0.5f Insert pages of external PDF documents (AM)

(/usr/local/texlive/2016/texmf-dist/tex/latex/tools/calc.sty
Package: calc 2014/10/28 v4.3 Infix arithmetic (KKT,FJ)
\calc@Acount=\count134
\calc@Bcount=\count135
\calc@Adimen=\dimen158
\calc@Bdimen=\dimen159
\calc@Askip=\skip65
\calc@Bskip=\skip66
LaTeX Info: Redefining \setlength on input line 80.
LaTeX Info: Redefining \addtolength on input line 81.
\calc@Ccount=\count136
\calc@Cskip=\skip67
)
(/usr/local/texlive/2016/texmf-dist/tex/latex/eso-pic/eso-pic.sty
Package: eso-pic 2015/07/21 v2.0g eso-pic (RN)
)
\AM@pagewidth=\dimen160
\AM@pageheight=\dimen161

(/usr/local/texlive/2016/texmf-dist/tex/latex/pdfpages/pppdftex.def
File: pppdftex.def 2016/04/19 v0.5f Pdfpages driver for pdfTeX (AM)
)
\AM@pagebox=\box32
\AM@global@opts=\toks35
\AM@toc@title=\toks36
\c@AM@survey=\count137
\AM@templatesizebox=\box33
)
(/usr/local/texlive/2016/texmf-dist/tex/latex/appendix/appendix.sty
Package: appendix 2009/09/02 v1.2b extra appendix facilities
\c@@pps=\count138
\c@@ppsavesec=\count139
\c@@ppsaveapp=\count140
)
(/usr/local/texlive/2016/texmf-dist/tex/latex/enumitem/enumitem.sty
Package: enumitem 2011/09/28 v3.5.2 Customized lists
\labelindent=\skip68
\enit@outerparindent=\dimen162
\enit@toks=\toks37
\enit@inbox=\box34
\enitdp@description=\count141
)
(/usr/local/texlive/2016/texmf-dist/tex/latex/eurosym/eurosym.sty
Package: eurosym 1998/08/06 v1.1 European currency symbol ``Euro''
\@eurobox=\box35
)
(/usr/local/texlive/2016/texmf-dist/tex/latex/algorithms/algorithm.sty
Package: algorithm 2009/08/24 v0.1 Document Style `algorithm' - floating enviro
nment
\@float@every@algorithm=\toks38
\c@algorithm=\count142
)
(/usr/local/texlive/2016/texmf-dist/tex/latex/algorithmicx/algpseudocode.sty
Package: algpseudocode 

(/usr/local/texlive/2016/texmf-dist/tex/latex/algorithmicx/algorithmicx.sty
Package: algorithmicx 2005/04/27 v1.2 Algorithmicx

Document Style algorithmicx 1.2 - a greatly improved `algorithmic' style
\c@ALG@line=\count143
\c@ALG@rem=\count144
\c@ALG@nested=\count145
\ALG@tlm=\skip69
\ALG@thistlm=\skip70
\c@ALG@Lnr=\count146
\c@ALG@blocknr=\count147
\c@ALG@storecount=\count148
\c@ALG@tmpcounter=\count149
\ALG@tmplength=\skip71
)
Document Style - pseudocode environments for use with the `algorithmicx' style
) (/usr/local/texlive/2016/texmf-dist/tex/latex/fancyhdr/fancyhdr.sty
\fancy@headwidth=\skip72
\f@ncyO@elh=\skip73
\f@ncyO@erh=\skip74
\f@ncyO@olh=\skip75
\f@ncyO@orh=\skip76
\f@ncyO@elf=\skip77
\f@ncyO@erf=\skip78
\f@ncyO@olf=\skip79
\f@ncyO@orf=\skip80
)
(/usr/local/texlive/2016/texmf-dist/tex/latex/tools/afterpage.sty
Package: afterpage 2014/10/28 v1.08 After-Page Package (DPC)
\AP@output=\toks39
\AP@partial=\box36
\AP@footins=\box37
)
(/usr/local/texlive/2016/texmf-dist/tex/latex/graphics/lscape.sty
Package: lscape 2000/10/22 v3.01 Landscape Pages (DPC)
)
(/usr/local/texlive/2016/texmf-dist/tex/latex/chngcntr/chngcntr.sty
Package: chngcntr 2009/09/02 v1.0a change counter resetting
)
\c@prop=\count150
\c@defi=\count151
\c@propi=\count152
)
(./ThesisManuscript_SJ.aux (./Cover/Cover.aux) (./Parts/Acknowledgments.aux)
(./Parts/Preface_EN.aux) (./Parts/Abstract_EN.aux) (./Parts/Preface_FR.aux)
(./Parts/Resume_FR.aux) (./References/MyPublications.aux

LaTeX Warning: Label `MyArticles' multiply defined.

) (./Parts/Abbreviations.aux) (./Parts/Introduction.aux)
(./Parts/Vaccination_InfectiousDiseases.aux) (./Parts/PrEP_HIV.aux)
(./Parts/Discussion.aux) (./References/Bibliography.aux)
(./Parts/Appendix_NID.aux) (./Parts/ResumeLong_FR.aux))
\openout1 = `ThesisManuscript_SJ.aux'.

LaTeX Font Info:    Checking defaults for OML/cmm/m/it on input line 19.
LaTeX Font Info:    ... okay on input line 19.
LaTeX Font Info:    Checking defaults for T1/cmr/m/n on input line 19.
LaTeX Font Info:    ... okay on input line 19.
LaTeX Font Info:    Checking defaults for OT1/cmr/m/n on input line 19.
LaTeX Font Info:    ... okay on input line 19.
LaTeX Font Info:    Checking defaults for OMS/cmsy/m/n on input line 19.
LaTeX Font Info:    ... okay on input line 19.
LaTeX Font Info:    Checking defaults for OMX/cmex/m/n on input line 19.
LaTeX Font Info:    ... okay on input line 19.
LaTeX Font Info:    Checking defaults for U/cmr/m/n on input line 19.
LaTeX Font Info:    ... okay on input line 19.
LaTeX Font Info:    Checking defaults for PD1/pdf/m/n on input line 19.
LaTeX Font Info:    ... okay on input line 19.

*geometry* driver: auto-detecting
*geometry* detected driver: pdftex
*geometry* verbose mode - [ preamble ] result:
* driver: pdftex
* paper: a4paper
* layout: <same size as paper>
* layoutoffset:(h,v)=(0.0pt,0.0pt)
* modes: twoside 
* h-part:(L,W,R)=(71.13188pt, 455.24411pt, 71.13188pt)
* v-part:(T,H,B)=(85.35826pt, 674.33032pt, 85.35826pt)
* \paperwidth=597.50787pt
* \paperheight=845.04684pt
* \textwidth=455.24411pt
* \textheight=674.33032pt
* \oddsidemargin=-1.1381pt
* \evensidemargin=-1.1381pt
* \topmargin=-18.78552pt
* \headheight=26.0pt
* \headsep=19.8738pt
* \topskip=12.0pt
* \footskip=30.0pt
* \marginparwidth=98.0pt
* \marginparsep=7.0pt
* \columnsep=10.0pt
* \skip\footins=10.8pt plus 4.0pt minus 2.0pt
* \hoffset=0.0pt
* \voffset=0.0pt
* \mag=1000
* \@twocolumnfalse
* \@twosidetrue
* \@mparswitchtrue
* \@reversemarginfalse
* (1in=72.27pt=25.4mm, 1cm=28.453pt)

LaTeX Info: Redefining \degres on input line 19.
LaTeX Info: Redefining \dots on input line 19.

Package frenchb.ldf Warning: Please load the "natbib" package
(frenchb.ldf)                BEFORE babel/frenchb; reported on input line 19.

LaTeX Info: Redefining \up on input line 19.
(/usr/local/texlive/2016/texmf-dist/tex/context/base/mkii/supp-pdf.mkii
[Loading MPS to PDF converter (version 2006.09.02).]
\scratchcounter=\count153
\scratchdimen=\dimen163
\scratchbox=\box38
\nofMPsegments=\count154
\nofMParguments=\count155
\everyMPshowfont=\toks40
\MPscratchCnt=\count156
\MPscratchDim=\dimen164
\MPnumerator=\count157
\makeMPintoPDFobject=\count158
\everyMPtoPDFconversion=\toks41
)
\AtBeginShipoutBox=\box39
Package hyperref Info: Link coloring ON on input line 19.
 (/usr/local/texlive/2016/texmf-dist/tex/latex/hyperref/nameref.sty
Package: nameref 2012/10/27 v2.43 Cross-referencing by name of section

(/usr/local/texlive/2016/texmf-dist/tex/generic/oberdiek/gettitlestring.sty
Package: gettitlestring 2016/05/16 v1.5 Cleanup title references (HO)
)
\c@section@level=\count159
)
LaTeX Info: Redefining \ref on input line 19.
LaTeX Info: Redefining \pageref on input line 19.
LaTeX Info: Redefining \nameref on input line 19.

(./ThesisManuscript_SJ.out) (./ThesisManuscript_SJ.out)
\@outlinefile=\write3
\openout3 = `ThesisManuscript_SJ.out'.

Package caption Info: Begin \AtBeginDocument code.
Package caption Info: float package is loaded.
Package caption Info: End \AtBeginDocument code.

(/usr/local/texlive/2016/texmf-dist/tex/latex/oberdiek/epstopdf-base.sty
Package: epstopdf-base 2016/05/15 v2.6 Base part for package epstopdf

(/usr/local/texlive/2016/texmf-dist/tex/latex/oberdiek/grfext.sty
Package: grfext 2016/05/16 v1.2 Manage graphics extensions (HO)
)
Package grfext Info: Graphics extension search list:
(grfext)             [.png,.pdf,.jpg,.mps,.jpeg,.jbig2,.jb2,.PNG,.PDF,.JPG,.JPE
G,.JBIG2,.JB2,.eps]
(grfext)             \AppendGraphicsExtensions on input line 456.

(/usr/local/texlive/2016/texmf-dist/tex/latex/latexconfig/epstopdf-sys.cfg
File: epstopdf-sys.cfg 2010/07/13 v1.3 Configuration of (r)epstopdf for TeX Liv
e
))
(/usr/local/texlive/2016/texmf-dist/tex/latex/oberdiek/pdflscape.sty
Package: pdflscape 2016/05/14 v0.11 Display of landscape pages in PDF (HO)
Package pdflscape Info: Auto-detected driver: pdftex on input line 81.
)
\openout2 = `Cover/Cover.aux'.


(./Cover/Cover.tex
<Cover/Logos/Logo_SorbonneUniv.png, id=361, 1027.84pt x 418.56375pt>
File: Cover/Logos/Logo_SorbonneUniv.png Graphic file (type png)

<use Cover/Logos/Logo_SorbonneUniv.png>
Package pdftex.def Info: Cover/Logos/Logo_SorbonneUniv.png used on input line 1
4.
(pdftex.def)             Requested size: 149.80215pt x 61.17325pt.

<Cover/Logos/Logo_Iplesp.jpg, id=364, 130.086pt x 60.225pt>
File: Cover/Logos/Logo_Iplesp.jpg Graphic file (type jpg)

<use Cover/Logos/Logo_Iplesp.jpg>
Package pdftex.def Info: Cover/Logos/Logo_Iplesp.jpg used on input line 19.
(pdftex.def)             Requested size: 146.26831pt x 61.17325pt.
LaTeX Font Info:    Try loading font information for U+msa on input line 20.

(/usr/local/texlive/2016/texmf-dist/tex/latex/amsfonts/umsa.fd
File: umsa.fd 2013/01/14 v3.01 AMS symbols A
)
LaTeX Font Info:    Try loading font information for U+msb on input line 20.

(/usr/local/texlive/2016/texmf-dist/tex/latex/amsfonts/umsb.fd
File: umsb.fd 2013/01/14 v3.01 AMS symbols B
)
LaTeX Font Info:    Try loading font information for U+rsfs on input line 20.

(/usr/local/texlive/2016/texmf-dist/tex/latex/jknapltx/ursfs.fd
File: ursfs.fd 1998/03/24 rsfs font definition file (jk)
) [1



{/usr/local/texlive/2016/texmf-var/fonts/map/pdftex/updmap/pdftex.map} <./Cover
/Logos/Logo_SorbonneUniv.png> <./Cover/Logos/Logo_Iplesp.jpg>] [2] [3]) [4]
\openout2 = `Parts/Acknowledgments.aux'.


(./Parts/Acknowledgments.tex) [1



]
\openout2 = `Parts/Preface_EN.aux'.

 (./Parts/Preface_EN.tex [2



] [3]) [4]
\openout2 = `Parts/Abstract_EN.aux'.


(./Parts/Abstract_EN.tex
Underfull \hbox (badness 10000) in paragraph at lines 29--32

 []

[5



]) [6]
\openout2 = `Parts/Preface_FR.aux'.

 (./Parts/Preface_FR.tex
Underfull \hbox (badness 10000) in paragraph at lines 13--14

 []


Underfull \vbox (badness 4156) has occurred while \output is active []

 [7



])
[8]
\openout2 = `Parts/Resume_FR.aux'.

 (./Parts/Resume_FR.tex
Underfull \hbox (badness 10000) in paragraph at lines 25--26

 []

[9



]) [10]
\openout2 = `References/MyPublications.aux'.

 (./References/MyPublications.tex
Underfull \hbox (badness 10000) in paragraph at lines 40--41

 []


Underfull \hbox (badness 10000) in paragraph at lines 41--43

 []

[11



]
Underfull \hbox (badness 10000) in paragraph at lines 53--54

 []


Underfull \hbox (badness 10000) in paragraph at lines 54--56

 []


Underfull \hbox (badness 10000) in paragraph at lines 56--57

 []

) [12] (./ThesisManuscript_SJ.toc [13



] [14] [15])
\tf@toc=\write4
\openout4 = `ThesisManuscript_SJ.toc'.

 [16]
\openout2 = `Parts/Abbreviations.aux'.


(./Parts/Abbreviations.tex
Underfull \vbox (badness 10000) has occurred while \output is active []

 [17


]
Overfull \vbox (10.5059pt too high) has occurred while \output is active []


[18] [19] [20

] [21]) [22]
\openout2 = `Parts/Introduction.aux'.

 (./Parts/Introduction.tex
Chapter 1.
LaTeX Font Info:    Try loading font information for T1+cmss on input line 6.
(/usr/local/texlive/2016/texmf-dist/tex/latex/base/t1cmss.fd
File: t1cmss.fd 2014/09/29 v2.5h Standard LaTeX font definitions
)pdfTeX warning (ext4): destination with the same identifier (name{page.1}) has
 been already used, duplicate ignored
<to be read again> 
                   \relax 
l.25 
      [1



]pdfTeX warning (ext4): destination with the same identifier (name{page.2}) has
 been already used, duplicate ignored
<to be read again> 
                   \relax 
l.42 
      [2]pdfTeX warning (ext4): destination with the same identifier (name{page
.3}) has been already used, duplicate ignored
<to be read again> 
                   \relax 
l.45 \begin{landscape}
                       [3]pdfTeX warning (ext4): destination with the same iden
tifier (name{page.4}) has been already used, duplicate ignored
<to be read again> 
                   \relax 
l.79 \end{landscape}
                     [4

] [5

] [6] [7]
<Figures/Intro/TikZ_MSIR/MSIR_FlowDiagram.pdf, id=859, 313.59961pt x 228.2407pt
>
File: Figures/Intro/TikZ_MSIR/MSIR_FlowDiagram.pdf Graphic file (type pdf)
 <use Figures/Intro/TikZ_MSIR/MSIR_FlowDiagram.pdf>
Package pdftex.def Info: Figures/Intro/TikZ_MSIR/MSIR_FlowDiagram.pdf used on i
nput line 135.
(pdftex.def)             Requested size: 273.14923pt x 198.80115pt.
 [8] [9 <./Figures/Intro/TikZ_MSIR/MSIR_FlowDiagram.pdf>]
<Figures/Intro/TikZ_Bifurcation/TranscriticalBifurcation.pdf, id=926, 238.27519
pt x 193.55411pt>
File: Figures/Intro/TikZ_Bifurcation/TranscriticalBifurcation.pdf Graphic file 
(type pdf)

<use Figures/Intro/TikZ_Bifurcation/TranscriticalBifurcation.pdf>
Package pdftex.def Info: Figures/Intro/TikZ_Bifurcation/TranscriticalBifurcatio
n.pdf used on input line 160.
(pdftex.def)             Requested size: 238.2746pt x 193.55363pt.
 [10] [11 <./Figures/Intro/TikZ_Bifurcation/TranscriticalBifurcation.pdf>]
Overfull \hbox (3.02711pt too wide) in paragraph at lines 191--192
\T1/cmr/m/n/10.95 min-is-tic, com-par-ti-men-tal mod-els to de-scribe the epi-d
emic dy-nam-ics at the pop-u-la-tion level ([][]Bauch
 []

[12]
Overfull \hbox (1.06406pt too wide) in paragraph at lines 193--195
[]\T1/cmr/m/n/10.95 These mod-el-ing stud-ies have con-cluded that the level of
 pre-ven-tion cov-er-age achieved through
 []

[13]
<Figures/Intro/TikZ_Model/ModelDiagram.pdf, id=1067, 353.78975pt x 250.38445pt>
File: Figures/Intro/TikZ_Model/ModelDiagram.pdf Graphic file (type pdf)
<use Figures/Intro/TikZ_Model/ModelDiagram.pdf>
Package pdftex.def Info: Figures/Intro/TikZ_Model/ModelDiagram.pdf used on inpu
t line 245.
(pdftex.def)             Requested size: 353.78888pt x 250.38382pt.
 [14] [15 <./Figures/Intro/TikZ_Model/ModelDiagram.pdf>] [16]) [17]
\openout2 = `Parts/Vaccination_InfectiousDiseases.aux'.

 (./Parts/Vaccination_InfectiousDiseases.tex [18



]
Chapter 2.
[19] [20] [21

]
<Figures/Vaccine/Fig_Larson2016.pdf, id=1249, 347.65599pt x 218.77072pt>
File: Figures/Vaccine/Fig_Larson2016.pdf Graphic file (type pdf)

<use Figures/Vaccine/Fig_Larson2016.pdf>
Package pdftex.def Info: Figures/Vaccine/Fig_Larson2016.pdf used on input line 
84.
(pdftex.def)             Requested size: 364.19667pt x 217.27504pt.
 [22

 <./Figures/Vaccine/Fig_Larson2016.pdf>] [23] [24]
<Figures/Vaccine/Measles_FR.pdf, id=1406, 397.485pt x 289.08pt>
File: Figures/Vaccine/Measles_FR.pdf Graphic file (type pdf)

<use Figures/Vaccine/Measles_FR.pdf>
Package pdftex.def Info: Figures/Vaccine/Measles_FR.pdf used on input line 137.

(pdftex.def)             Requested size: 397.48402pt x 289.07928pt.
 [25] [26 <./Figures/Vaccine/Measles_FR.pdf>]

LaTeX Warning: Reference `articlepdf:1' on page 27 undefined on input line 158.


[27]
<Figures/Vaccine/Tikz_FlowDiagram/FlowDiagram.pdf, id=1772, 384.11205pt x 159.3
3528pt>
File: Figures/Vaccine/Tikz_FlowDiagram/FlowDiagram.pdf Graphic file (type pdf)
 <use Figures/Vaccine/Tikz_FlowDiagram/FlowDiagram.pdf>
Package pdftex.def Info: Figures/Vaccine/Tikz_FlowDiagram/FlowDiagram.pdf used 
on input line 210.
(pdftex.def)             Requested size: 364.19667pt x 151.08075pt.
 [28] [29 <./Figures/Vaccine/Tikz_FlowDiagram/FlowDiagram.pdf>]
<Figures/Vaccine/TikZ_Bifurcation/TranscriticalBifurcation.pdf, id=1807, 238.58
134pt x 215.08656pt>
File: Figures/Vaccine/TikZ_Bifurcation/TranscriticalBifurcation.pdf Graphic fil
e (type pdf)

<use Figures/Vaccine/TikZ_Bifurcation/TranscriticalBifurcation.pdf>
Package pdftex.def Info: Figures/Vaccine/TikZ_Bifurcation/TranscriticalBifurcat
ion.pdf used on input line 227.
(pdftex.def)             Requested size: 182.09486pt x 164.16325pt.

<Figures/Vaccine/TikZ_Bifurcation/TranscriticalBifurcation_WithGame.pdf, id=180
8, 239.56702pt x 215.08656pt>
File: Figures/Vaccine/TikZ_Bifurcation/TranscriticalBifurcation_WithGame.pdf Gr
aphic file (type pdf)

<use Figures/Vaccine/TikZ_Bifurcation/TranscriticalBifurcation_WithGame.pdf>
Package pdftex.def Info: Figures/Vaccine/TikZ_Bifurcation/TranscriticalBifurcat
ion_WithGame.pdf used on input line 232.
(pdftex.def)             Requested size: 182.09486pt x 163.48717pt.

[30 <./Figures/Vaccine/TikZ_Bifurcation/TranscriticalBifurcation.pdf> <./Figure
s/Vaccine/TikZ_Bifurcation/TranscriticalBifurcation_WithGame.pdf>]) [31]
\openout2 = `Parts/PrEP_HIV.aux'.


(./Parts/PrEP_HIV.tex [32



]
Chapter 3.
[33] <Figures/PrEP/HIV/HIVinfection.pdf, id=1899, 532.99126pt x 317.185pt>
File: Figures/PrEP/HIV/HIVinfection.pdf Graphic file (type pdf)

<use Figures/PrEP/HIV/HIVinfection.pdf>
Package pdftex.def Info: Figures/PrEP/HIV/HIVinfection.pdf used on input line 2
9.
(pdftex.def)             Requested size: 398.33858pt x 237.06053pt.
 [34 <./Figures/PrEP/HIV/HIVinfection.pdf>] <Figures/PrEP/HIV/HIV_Data_Global.p
df, id=1944, 578.16pt x 252.945pt>
File: Figures/PrEP/HIV/HIV_Data_Global.pdf Graphic file (type pdf)

<use Figures/PrEP/HIV/HIV_Data_Global.pdf>
Package pdftex.def Info: Figures/PrEP/HIV/HIV_Data_Global.pdf used on input lin
e 50.
(pdftex.def)             Requested size: 455.24408pt x 199.16821pt.
 [35 <./Figures/PrEP/HIV/HIV_Data_Global.pdf>]
LaTeX Font Info:    Try loading font information for OMS+cmr on input line 69.
 (/usr/local/texlive/2016/texmf-dist/tex/latex/base/omscmr.fd
File: omscmr.fd 2014/09/29 v2.5h Standard LaTeX font definitions
)
LaTeX Font Info:    Font shape `OMS/cmr/m/n' in size <8> not available
(Font)              Font shape `OMS/cmsy/m/n' tried instead on input line 69.

[36] [37] [38] [39]
<Figures/PrEP/HIV/PrEP_Data_IDF.pdf, id=2545, 325.215pt x 252.945pt>
File: Figures/PrEP/HIV/PrEP_Data_IDF.pdf Graphic file (type pdf)

<use Figures/PrEP/HIV/PrEP_Data_IDF.pdf>
Package pdftex.def Info: Figures/PrEP/HIV/PrEP_Data_IDF.pdf used on input line 
169.
(pdftex.def)             Requested size: 325.2142pt x 252.94438pt.
 [40] [41 <./Figures/PrEP/HIV/PrEP_Data_IDF.pdf>]
Overfull \hbox (5.24298pt too wide) in paragraph at lines 189--190
\T1/cmr/m/n/10.95 Mathematical mod-el-ing has been ex-ten-sively used to de-scr
ibe the HIV epi-demic dy-nam-ics ([][]Jacquez
 []

[42] [43] [44] [45] [46] [47] [48] [49] [50]

LaTeX Font Warning: Command \scriptsize invalid in math mode on input line 515.



Overfull \hbox (24.68907pt too wide) detected at line 530
[][]
 []

[51]
Underfull \hbox (badness 10000) in paragraph at lines 539--540

 []


Underfull \hbox (badness 10000) in paragraph at lines 553--554

 []

[52] [53]
Underfull \hbox (badness 10000) in paragraph at lines 627--629

 []

Package hyperref Info: bookmark level for unknown algorithm defaults to 0 on in
put line 653.
[54]
Overfull \vbox (13.38075pt too high) has occurred while \output is active []


[55]
Underfull \hbox (badness 10000) in paragraph at lines 713--714

 []

<Figures/PrEP/Results_Baseline/rCrE.pdf, id=3257, 213.79875pt x 213.79875pt>
File: Figures/PrEP/Results_Baseline/rCrE.pdf Graphic file (type pdf)

<use Figures/PrEP/Results_Baseline/rCrE.pdf>
Package pdftex.def Info: Figures/PrEP/Results_Baseline/rCrE.pdf used on input l
ine 742.
(pdftex.def)             Requested size: 227.62204pt x 227.62059pt.
 [56]
<Figures/PrEP/Results_Baseline/R0.pdf, id=3273, 213.79875pt x 213.79875pt>
File: Figures/PrEP/Results_Baseline/R0.pdf Graphic file (type pdf)

<use Figures/PrEP/Results_Baseline/R0.pdf>
Package pdftex.def Info: Figures/PrEP/Results_Baseline/R0.pdf used on input lin
e 767.
(pdftex.def)             Requested size: 213.79822pt x 213.79822pt.
 [57 <./Figures/PrEP/Results_Baseline/rCrE.pdf>]
<Figures/PrEP/Results_Baseline/InfectionsOnPrEP.pdf, id=3602, 433.62pt x 216.81
pt>
File: Figures/PrEP/Results_Baseline/InfectionsOnPrEP.pdf Graphic file (type pdf
)
 <use Figures/PrEP/Results_Baseline/InfectionsOnPrEP.pdf>
Package pdftex.def Info: Figures/PrEP/Results_Baseline/InfectionsOnPrEP.pdf use
d on input line 791.
(pdftex.def)             Requested size: 433.61894pt x 216.80946pt.
 [58 <./Figures/PrEP/Results_Baseline/R0.pdf>] [59 <./Figures/PrEP/Results_Base
line/InfectionsOnPrEP.pdf>]
<Figures/PrEP/Results_SensitivityAnalysis/phi.pdf, id=4278, 255.95625pt x 227.8
5126pt>
File: Figures/PrEP/Results_SensitivityAnalysis/phi.pdf Graphic file (type pdf)
 <use Figures/PrEP/Results_SensitivityAnalysis/phi.pdf>
Package pdftex.def Info: Figures/PrEP/Results_SensitivityAnalysis/phi.pdf used 
on input line 831.
(pdftex.def)             Requested size: 255.95561pt x 227.8507pt.

<Figures/PrEP/Results_SensitivityAnalysis/p_hat.pdf, id=4285, 538.41011pt x 260
.40135pt>
File: Figures/PrEP/Results_SensitivityAnalysis/p_hat.pdf Graphic file (type pdf
)
 <use Figures/PrEP/Results_SensitivityAnalysis/p_hat.pdf>
Package pdftex.def Info: Figures/PrEP/Results_SensitivityAnalysis/p_hat.pdf use
d on input line 845.
(pdftex.def)             Requested size: 455.24411pt x 220.17796pt.
 [60 <./Figures/PrEP/Results_SensitivityAnalysis/phi.pdf>]
<Figures/PrEP/Results_SensitivityAnalysis/rCrE.pdf, id=4610, 255.95625pt x 227.
85126pt>
File: Figures/PrEP/Results_SensitivityAnalysis/rCrE.pdf Graphic file (type pdf)

 <use Figures/PrEP/Results_SensitivityAnalysis/rCrE.pdf>
Package pdftex.def Info: Figures/PrEP/Results_SensitivityAnalysis/rCrE.pdf used
 on input line 859.
(pdftex.def)             Requested size: 255.95561pt x 227.8507pt.
 [61 <./Figures/PrEP/Results_SensitivityAnalysis/p_hat.pdf>]
<Figures/PrEP/Results_SensitivityAnalysis/Misperception.pdf, id=4941, 271.17305
pt x 221.2902pt>
File: Figures/PrEP/Results_SensitivityAnalysis/Misperception.pdf Graphic file (
type pdf)

<use Figures/PrEP/Results_SensitivityAnalysis/Misperception.pdf>
Package pdftex.def Info: Figures/PrEP/Results_SensitivityAnalysis/Misperception
.pdf used on input line 873.
(pdftex.def)             Requested size: 271.17238pt x 221.28964pt.
 [62 <./Figures/PrEP/Results_SensitivityAnalysis/rCrE.pdf>]
<Figures/PrEP/Results_SensitivityAnalysis/ProbElim.pdf, id=5268, 510.93524pt x 
183.03745pt>
File: Figures/PrEP/Results_SensitivityAnalysis/ProbElim.pdf Graphic file (type 
pdf)
 <use Figures/PrEP/Results_SensitivityAnalysis/ProbElim.pdf>
Package pdftex.def Info: Figures/PrEP/Results_SensitivityAnalysis/ProbElim.pdf 
used on input line 886.
(pdftex.def)             Requested size: 455.24411pt x 163.09271pt.

[63 <./Figures/PrEP/Results_SensitivityAnalysis/Misperception.pdf>] [64 <./Figu
res/PrEP/Results_SensitivityAnalysis/ProbElim.pdf>] [65] [66]) [67]
\openout2 = `Parts/Discussion.aux'.


(./Parts/Discussion.tex [68



]
Chapter 4.

Package natbib Warning: Citation `Jijon2020' on page 69 undefined on input line
 13.


Package natbib Warning: Citation `Jijon2020' on page 69 undefined on input line
 15.

[69] [70] [71] [72] [73] [74] [75] [76]

Package natbib Warning: Citation `Wuoters2021' on page 77 undefined on input li
ne 113.


Package natbib Warning: Citation `Wuoters2021' on page 77 undefined on input li
ne 113.


Package natbib Warning: Citation `Wuoters2021' on page 77 undefined on input li
ne 113.

) [77] [78]
\openout2 = `References/Bibliography.aux'.

 (./References/Bibliography.tex (./ThesisManuscript_SJ.bbl [79




]
[80] [81] [82]
LaTeX Font Info:    Try loading font information for T1+cmtt on input line 303.

 (/usr/local/texlive/2016/texmf-dist/tex/latex/base/t1cmtt.fd
File: t1cmtt.fd 2014/09/29 v2.5h Standard LaTeX font definitions
)
Underfull \hbox (badness 1715) in paragraph at lines 317--321
[]\T1/cmr/m/n/10.95 CDC.  Small-pox Fact Sheet, 2015a.  URL [][]$\T1/cmtt/m/n/1
0.95 http : / / www . bt . cdc . gov / agent / smallpox /
 []


Underfull \hbox (badness 1881) in paragraph at lines 335--338
[]\T1/cmr/m/n/10.95 CDC.  Measles Cases in 2019, Au-gust 2019.  URL [][]$\T1/cm
tt/m/n/10.95 https : / / www . cdc . gov / measles /
 []

[83] [84]
LaTeX Font Info:    Font shape `OMS/cmr/m/n' in size <10.95> not available
(Font)              Font shape `OMS/cmsy/m/n' tried instead on input line 523.

Underfull \hbox (badness 10000) in paragraph at lines 522--530
\T1/cmtt/m/n/10.95 version / 2 / file / Rapport _ Truvada _ PrEP + 2019 _ Epiph
are . pdf[WebsiteaccessedonJune20 ,[]
 []

[85] [86] [87] [88] [89] [90] [91]
Underfull \hbox (badness 10000) in paragraph at lines 1034--1040
[]\T1/cmr/m/n/10.95 P. Nuki.  Zero covid strat-egy is im-pos-si-ble... the fu-t
ure of the virus
 []


Underfull \hbox (badness 10000) in paragraph at lines 1034--1040
\T1/cmr/m/n/10.95 is more likely to fol-low the flu or measles.  \T1/cmr/m/it/1
0.95 The Tele-graph\T1/cmr/m/n/10.95 , 2021.
 []


Underfull \hbox (badness 10000) in paragraph at lines 1034--1040
\T1/cmr/m/n/10.95 URL [][]$\T1/cmtt/m/n/10.95 https : / / www . telegraph . co 
. uk / global-[]health / science-[]and-[]disease /
 []

[92] [93]
Underfull \hbox (badness 1412) in paragraph at lines 1178--1182
[]\T1/cmr/m/n/10.95 M. Roser and H. Ritchie.  Hiv / aids.  \T1/cmr/m/it/10.95 O
ur World in Data\T1/cmr/m/n/10.95 , 2020.  Avail-able at:
 []

[94] [95]
Underfull \hbox (badness 4981) in paragraph at lines 1299--1302
[]\T1/cmr/m/n/10.95 Sigve.  HIV time-course. URL: [][]$\T1/cmtt/m/n/10.95 https
 : / / commons . wikimedia . org / w / index . php ? curid =
 []


Underfull \hbox (badness 10000) in paragraph at lines 1342--1348
[]\T1/cmr/m/n/10.95 Tribune.  Viser l'objectif zéro covid con-stitue un moyen c
lair de
 []


Underfull \hbox (badness 10000) in paragraph at lines 1342--1348
\T1/cmr/m/n/10.95 tra-verser la pandémie en min-imisant les dégâts.  \T1/cmr/m/
it/10.95 Le Monde\T1/cmr/m/n/10.95 ,
 []


Underfull \hbox (badness 10000) in paragraph at lines 1342--1348
\T1/cmr/m/n/10.95 2021.  URL [][]$\T1/cmtt/m/n/10.95 https : / / www . lemonde 
. fr / idees / article / 2021 / 02 / 15 /
 []


Overfull \hbox (147.31523pt too wide) in paragraph at lines 1342--1348
\T1/cmtt/m/n/10.95 viser-[]l-[]objectif-[]zero-[]covid-[]constitue-[]un-[]moyen
-[]clair-[]de-[]traverser-[]la-[]pandemie-[]en-[]minimisant-[]les-[]degats _
 []

[96] [97] [98]
Underfull \hbox (badness 3919) in paragraph at lines 1590--1594
[]\T1/cmr/m/n/10.95 WHO.  Measles in Eu-rope: record num-ber of both sick and i
m-mu-nized, 2019.
 []


Underfull \hbox (badness 10000) in paragraph at lines 1590--1594
\T1/cmr/m/n/10.95 URL [][]$\T1/cmtt/m/n/10.95 http : / / www . euro . who . int
 / en / media-[]centre / sections / press-[]releases / 2019 /
 []

[99]
Underfull \hbox (badness 8000) in paragraph at lines 1627--1633
[]\T1/cmr/m/n/10.95 WHO.  Vaccine-preventable dis-eases: mon-i-tor-ing sys-tem.
 2020 global sum-mary,
 []


Underfull \hbox (badness 4752) in paragraph at lines 1640--1645
[]\T1/cmr/m/n/10.95 WHO.  Sta-tus of COVID-19 Vac-cines within WHO EUL/PQ eval-
u-a-tion pro-cess,
 []


Underfull \hbox (badness 1565) in paragraph at lines 1640--1645
\T1/cmr/m/n/10.95 2021b.  URL [][]$\T1/cmtt/m/n/10.95 https : / / www . who . i
nt / emergencies / diseases / novel-[]coronavirus-[]2019 /
 []

[100]) [101]
Overfull \hbox (1.60866pt too wide) in paragraph at lines 38--39
[]\T1/cmtt/m/n/10.95 ColorBrewer \T1/cmr/m/n/10.95 (avail-able at: [][]$\T1/cmt
t/m/n/10.95 https : / / www . mathworks . com / matlabcentral / fileexchange /
 []

) [102]
\openout2 = `Parts/Appendix_NID.aux'.

 (./Parts/Appendix_NID.tex [103



]
<DRAFT_FigsAndDocs/NID.pdf, id=6368, 542.025pt x 782.925pt>
File: DRAFT_FigsAndDocs/NID.pdf Graphic file (type pdf)

<use DRAFT_FigsAndDocs/NID.pdf>
Package pdftex.def Info: DRAFT_FigsAndDocs/NID.pdf used on input line 34.
(pdftex.def)             Requested size: 542.02367pt x 782.9231pt.
File: DRAFT_FigsAndDocs/NID.pdf Graphic file (type pdf)
 <use DRAFT_FigsAndDocs/NID.pdf>
Package pdftex.def Info: DRAFT_FigsAndDocs/NID.pdf used on input line 34.
(pdftex.def)             Requested size: 542.02367pt x 782.9231pt.

<DRAFT_FigsAndDocs/NID.pdf, id=6371, page=1, 542.025pt x 782.925pt>
File: DRAFT_FigsAndDocs/NID.pdf Graphic file (type pdf)

<use DRAFT_FigsAndDocs/NID.pdf, page 1>
Package pdftex.def Info: DRAFT_FigsAndDocs/NID.pdf, page1 used on input line 34
.
(pdftex.def)             Requested size: 492.47435pt x 711.3189pt.
File: DRAFT_FigsAndDocs/NID.pdf Graphic file (type pdf)

<use DRAFT_FigsAndDocs/NID.pdf, page 1>
Package pdftex.def Info: DRAFT_FigsAndDocs/NID.pdf, page1 used on input line 34
.
(pdftex.def)             Requested size: 644.20723pt x 930.52158pt.
File: DRAFT_FigsAndDocs/NID.pdf Graphic file (type pdf)

<use DRAFT_FigsAndDocs/NID.pdf, page 1>
Package pdftex.def Info: DRAFT_FigsAndDocs/NID.pdf, page1 used on input line 34
.
(pdftex.def)             Requested size: 644.20723pt x 930.52158pt.
File: DRAFT_FigsAndDocs/NID.pdf Graphic file (type pdf)

<use DRAFT_FigsAndDocs/NID.pdf, page 1>
Package pdftex.def Info: DRAFT_FigsAndDocs/NID.pdf, page1 used on input line 34
.
(pdftex.def)             Requested size: 644.20723pt x 930.52158pt.
File: DRAFT_FigsAndDocs/NID.pdf Graphic file (type pdf)

<use DRAFT_FigsAndDocs/NID.pdf, page 1>
Package pdftex.def Info: DRAFT_FigsAndDocs/NID.pdf, page1 used on input line 34
.
(pdftex.def)             Requested size: 644.20723pt x 930.52158pt.
 [104 <./DRAFT_FigsAndDocs/NID.pdf>])
\openout2 = `Parts/ResumeLong_FR.aux'.


(./Parts/ResumeLong_FR.tex [105


] [106]

Package natbib Warning: Citation `Jijon2019' on page 107 undefined on input lin
e 71.

[107] [108] [109] [110]
Overfull \hbox (17.94043pt too wide) in paragraph at lines 121--121
[][]\T1/cmr/bx/n/14.4 B3.2. L'uti-li-sa-tion vo-lon-taire de la pro-phy-laxie p
ré-exposition comme
 []

[111] [112] [113] [114]) [115] (./Parts/Lists.tex [116


]
(./ThesisManuscript_SJ.lof [117])
\tf@lof=\write5
\openout5 = `ThesisManuscript_SJ.lof'.

 [118] (./ThesisManuscript_SJ.lot)
\tf@lot=\write6
\openout6 = `ThesisManuscript_SJ.lot'.

 [119

]
[120] (./ThesisManuscript_SJ.loa)
\tf@loa=\write7
\openout7 = `ThesisManuscript_SJ.loa'.

)

Package natbib Warning: There were undefined citations.

Package atveryend Info: Empty hook `BeforeClearDocument' on input line 91.
[121

]
Package atveryend Info: Empty hook `AfterLastShipout' on input line 91.
 (./ThesisManuscript_SJ.aux (./Cover/Cover.aux)
(./Parts/Acknowledgments.aux) (./Parts/Preface_EN.aux) (./Parts/Abstract_EN.aux
) (./Parts/Preface_FR.aux) (./Parts/Resume_FR.aux)
(./References/MyPublications.aux) (./Parts/Abbreviations.aux)
(./Parts/Introduction.aux) (./Parts/Vaccination_InfectiousDiseases.aux)
(./Parts/PrEP_HIV.aux) (./Parts/Discussion.aux) (./References/Bibliography.aux)
(./Parts/Appendix_NID.aux) (./Parts/ResumeLong_FR.aux))
Package atveryend Info: Executing hook `AtVeryEndDocument' on input line 91.
Package atveryend Info: Executing hook `AtEndAfterFileList' on input line 91.
Package rerunfilecheck Info: File `ThesisManuscript_SJ.out' has not changed.
(rerunfilecheck)             Checksum: 555098D2FD195A6C0BD134ECD5F28427;7473.


LaTeX Warning: There were undefined references.


LaTeX Warning: There were multiply-defined labels.

Package atveryend Info: Empty hook `AtVeryVeryEnd' on input line 91.
 ) 
Here is how much of TeX's memory you used:
 13842 strings out of 493014
 211223 string characters out of 6133351
 332758 words of memory out of 5000000
 16389 multiletter control sequences out of 15000+600000
 29571 words of font info for 77 fonts, out of 8000000 for 9000
 1141 hyphenation exceptions out of 8191
 44i,18n,51p,1520b,936s stack positions out of 5000i,500n,10000p,200000b,80000s
pdfTeX warning (dest): name{Hfootnote.18} has been referenced but does not ex
ist, replaced by a fixed one

pdfTeX warning (dest): name{Hfootnote.17} has been referenced but does not exis
t, replaced by a fixed one

pdfTeX warning (dest): name{Hfootnote.16} has been referenced but does not exis
t, replaced by a fixed one

pdfTeX warning (dest): name{Hfootnote.15} has been referenced but does not exis
t, replaced by a fixed one

pdfTeX warning (dest): name{Hfootnote.14} has been referenced but does not exis
t, replaced by a fixed one

pdfTeX warning (dest): name{fig:SA_ProbElim} has been referenced but does not e
xist, replaced by a fixed one

pdfTeX warning (dest): name{fig:SA_p_hat} has been referenced but does not exis
t, replaced by a fixed one

pdfTeX warning (dest): name{Article2.11} has been referenced but does not exist
, replaced by a fixed one

pdfTeX warning (dest): name{Article2SM.6} has been referenced but does not exis
t, replaced by a fixed one

pdfTeX warning (dest): name{Article2SM.16} has been referenced but does not exi
st, replaced by a fixed one

pdfTeX warning (dest): name{Article2supp.12} has been referenced but does not e
xist, replaced by a fixed one

pdfTeX warning (dest): name{Article2supp.11} has been referenced but does not e
xist, replaced by a fixed one

pdfTeX warning (dest): name{Article2supp.6} has been referenced but does not ex
ist, replaced by a fixed one

pdfTeX warning (dest): name{Article2supp.8} has been referenced but does not ex
ist, replaced by a fixed one

pdfTeX warning (dest): name{Article2supp.7} has been referenced but does not ex
ist, replaced by a fixed one

pdfTeX warning (dest): name{Article2supp.5} has been referenced but does not ex
ist, replaced by a fixed one

pdfTeX warning (dest): name{Hfootnote.13} has been referenced but does not exis
t, replaced by a fixed one

pdfTeX warning (dest): name{Hfootnote.12} has been referenced but does not exis
t, replaced by a fixed one

pdfTeX warning (dest): name{Hfootnote.11} has been referenced but does not exis
t, replaced by a fixed one

pdfTeX warning (dest): name{Hfootnote.10} has been referenced but does not exis
t, replaced by a fixed one

pdfTeX warning (dest): name{Hfootnote.9} has been referenced but does not exist
, replaced by a fixed one

pdfTeX warning (dest): name{fig:PrEP_HIVstages} has been referenced but does no
t exist, replaced by a fixed one

pdfTeX warning (dest): name{Hfootnote.8} has been referenced but does not exist
, replaced by a fixed one

pdfTeX warning (dest): name{fig:Vaccine_1} has been referenced but does not exi
st, replaced by a fixed one

pdfTeX warning (dest): name{fig:Vaccine_Bifurcation} has been referenced but do
es not exist, replaced by a fixed one

pdfTeX warning (dest): name{Article1.2} has been referenced but does not exist,
 replaced by a fixed one

pdfTeX warning (dest): name{Hfootnote.7} has been referenced but does not exist
, replaced by a fixed one

pdfTeX warning (dest): name{Hfootnote.6} has been referenced but does not exist
, replaced by a fixed one

pdfTeX warning (dest): name{Hfootnote.5} has been referenced but does not exist
, replaced by a fixed one

pdfTeX warning (dest): name{Hfootnote.4} has been referenced but does not exist
, replaced by a fixed one

pdfTeX warning (dest): name{Hfootnote.3} has been referenced but does not exist
, replaced by a fixed one

pdfTeX warning (dest): name{Hfootnote.2} has been referenced but does not exist
, replaced by a fixed one

pdfTeX warning (dest): name{Hfootnote.1} has been referenced but does not exist
, replaced by a fixed one

pdfTeX warning (dest): name{chapter\\penalty\040\\@M\040\040:ResumeDetailleFR} 
has been referenced but does not exist, replaced by a fixed one

pdfTeX warning (dest): name{Introduction} has been referenced but does not exis
t, replaced by a fixed one

pdfTeX warning (dest): name{chapter:ResumeDetailleFR} has been referenced but d
oes not exist, replaced by a fixed one

pdfTeX warning (dest): name{NID} has been referenced but does not exist, replac
ed by a fixed one

pdfTeX warning (dest): name{Discussion} has been referenced but does not exist,
 replaced by a fixed one

pdfTeX warning (dest): name{PrEP} has been referenced but does not exist, repla
ced by a fixed one

{/usr/local/texlive/2016/texmf-dist/fonts/enc/dvips/cm-super/cm-super-t1.enc}</
usr/local/texlive/2016/texmf-dist/fonts/type1/public/amsfonts/cm/cmbx10.pfb></u
sr/local/texlive/2016/texmf-dist/fonts/type1/public/amsfonts/cm/cmex10.pfb></us
r/local/texlive/2016/texmf-dist/fonts/type1/public/amsfonts/cm/cmmi10.pfb></usr
/local/texlive/2016/texmf-dist/fonts/type1/public/amsfonts/cm/cmmi12.pfb></usr/
local/texlive/2016/texmf-dist/fonts/type1/public/amsfonts/cm/cmmi6.pfb></usr/lo
cal/texlive/2016/texmf-dist/fonts/type1/public/amsfonts/cm/cmmi7.pfb></usr/loca
l/texlive/2016/texmf-dist/fonts/type1/public/amsfonts/cm/cmmi8.pfb></usr/local/
texlive/2016/texmf-dist/fonts/type1/public/amsfonts/cm/cmr10.pfb></usr/local/te
xlive/2016/texmf-dist/fonts/type1/public/amsfonts/cm/cmr6.pfb></usr/local/texli
ve/2016/texmf-dist/fonts/type1/public/amsfonts/cm/cmr7.pfb></usr/local/texlive/
2016/texmf-dist/fonts/type1/public/amsfonts/cm/cmr8.pfb></usr/local/texlive/201
6/texmf-dist/fonts/type1/public/amsfonts/cm/cmr9.pfb></usr/local/texlive/2016/t
exmf-dist/fonts/type1/public/amsfonts/cm/cmsy10.pfb></usr/local/texlive/2016/te
xmf-dist/fonts/type1/public/amsfonts/cm/cmsy8.pfb></usr/local/texlive/2016/texm
f-dist/fonts/type1/public/eurosym/feymr10.pfb></usr/local/texlive/2016/texmf-di
st/fonts/type1/public/rsfs/rsfs10.pfb></usr/local/texlive/2016/texmf-dist/fonts
/type1/public/cm-super/sfbi1095.pfb></usr/local/texlive/2016/texmf-dist/fonts/t
ype1/public/cm-super/sfbx1095.pfb></usr/local/texlive/2016/texmf-dist/fonts/typ
e1/public/cm-super/sfbx1200.pfb></usr/local/texlive/2016/texmf-dist/fonts/type1
/public/cm-super/sfbx1440.pfb></usr/local/texlive/2016/texmf-dist/fonts/type1/p
ublic/cm-super/sfbx1728.pfb></usr/local/texlive/2016/texmf-dist/fonts/type1/pub
lic/cm-super/sfbx2488.pfb></usr/local/texlive/2016/texmf-dist/fonts/type1/publi
c/cm-super/sfcc1095.pfb></usr/local/texlive/2016/texmf-dist/fonts/type1/public/
cm-super/sfrm0600.pfb></usr/local/texlive/2016/texmf-dist/fonts/type1/public/cm
-super/sfrm0700.pfb></usr/local/texlive/2016/texmf-dist/fonts/type1/public/cm-s
uper/sfrm0800.pfb></usr/local/texlive/2016/texmf-dist/fonts/type1/public/cm-sup
er/sfrm1000.pfb></usr/local/texlive/2016/texmf-dist/fonts/type1/public/cm-super
/sfrm1095.pfb></usr/local/texlive/2016/texmf-dist/fonts/type1/public/cm-super/s
frm1200.pfb></usr/local/texlive/2016/texmf-dist/fonts/type1/public/cm-super/sfr
m1440.pfb></usr/local/texlive/2016/texmf-dist/fonts/type1/public/cm-super/sfrm2
074.pfb></usr/local/texlive/2016/texmf-dist/fonts/type1/public/cm-super/sfss060
0.pfb></usr/local/texlive/2016/texmf-dist/fonts/type1/public/cm-super/sfti1000.
pfb></usr/local/texlive/2016/texmf-dist/fonts/type1/public/cm-super/sfti1095.pf
b></usr/local/texlive/2016/texmf-dist/fonts/type1/public/cm-super/sfti1200.pfb>
</usr/local/texlive/2016/texmf-dist/fonts/type1/public/cm-super/sfti2488.pfb></
usr/local/texlive/2016/texmf-dist/fonts/type1/public/cm-super/sftt1095.pfb>
Output written on ThesisManuscript_SJ.pdf (147 pages, 8109124 bytes).
PDF statistics:
 6852 PDF objects out of 7423 (max. 8388607)
 5147 compressed objects within 52 object streams
 586 named destinations out of 1000 (max. 500000)
 856 words of extra memory for PDF output out of 10000 (max. 10000000)

